0 info it worked if it ends with ok
1 verbose cli [ '/usr/local/Cellar/node/7.2.1/bin/node',
1 verbose cli   '/usr/local/bin/npm',
1 verbose cli   'start' ]
2 info using npm@3.10.9
3 info using node@v7.2.1
4 verbose run-script [ 'prestart', 'start', 'poststart' ]
5 info lifecycle cotd@0.0.1~prestart: cotd@0.0.1
6 silly lifecycle cotd@0.0.1~prestart: no script for prestart, continuing
7 info lifecycle cotd@0.0.1~start: cotd@0.0.1
8 verbose lifecycle cotd@0.0.1~start: unsafe-perm in lifecycle true
9 verbose lifecycle cotd@0.0.1~start: PATH: /usr/local/lib/node_modules/npm/bin/node-gyp-bin:/Users/sirlund/Repos/React-For-Beginners/stepped-solutions/Final Codebase/node_modules/.bin:/usr/local/Cellar/node/7.2.1/bin:/Users/sirlund/.rvm/gems/ruby-2.1.3/bin:/Users/sirlund/.rvm/gems/ruby-2.1.3@global/bin:/Users/sirlund/.rvm/rubies/ruby-2.1.3/bin:/Users/sirlund/Desktop/google-cloud-sdk/bin:/usr/local/bin:/usr/bin:/bin:/usr/sbin:/sbin:/Users/sirlund/.rvm/bin
10 verbose lifecycle cotd@0.0.1~start: CWD: /Users/sirlund/Repos/React-For-Beginners/stepped-solutions/Final Codebase
11 silly lifecycle cotd@0.0.1~start: Args: [ '-c', 'react-scripts start' ]
12 info lifecycle cotd@0.0.1~start: Failed to exec start script
13 verbose stack Error: cotd@0.0.1 start: `react-scripts start`
13 verbose stack spawn ENOENT
13 verbose stack     at ChildProcess.<anonymous> (/usr/local/lib/node_modules/npm/lib/utils/spawn.js:33:16)
13 verbose stack     at emitTwo (events.js:106:13)
13 verbose stack     at ChildProcess.emit (events.js:191:7)
13 verbose stack     at maybeClose (internal/child_process.js:885:16)
13 verbose stack     at Process.ChildProcess._handle.onexit (internal/child_process.js:226:5)
14 verbose pkgid cotd@0.0.1
15 verbose cwd /Users/sirlund/Repos/React-For-Beginners/stepped-solutions/Final Codebase
16 error Darwin 16.4.0
17 error argv "/usr/local/Cellar/node/7.2.1/bin/node" "/usr/local/bin/npm" "start"
18 error node v7.2.1
19 error npm  v3.10.9
20 error file sh
21 error code ELIFECYCLE
22 error errno ENOENT
23 error syscall spawn
24 error cotd@0.0.1 start: `react-scripts start`
24 error spawn ENOENT
25 error Failed at the cotd@0.0.1 start script 'react-scripts start'.
25 error Make sure you have the latest version of node.js and npm installed.
25 error If you do, this is most likely a problem with the cotd package,
25 error not with npm itself.
25 error Tell the author that this fails on your system:
25 error     react-scripts start
25 error You can get information on how to open an issue for this project with:
25 error     npm bugs cotd
25 error Or if that isn't available, you can get their info via:
25 error     npm owner ls cotd
25 error There is likely additional logging output above.
26 verbose exit [ 1, true ]
